<?xml version="1.0" encoding="UTF-8"?>
<testng-results skipped="0" failed="0" total="2" passed="2">
  <reporter-output>
  </reporter-output>
  <suite name="Phase1 Suite" duration-ms="14916" started-at="2022-11-28T14:50:13Z" finished-at="2022-11-28T14:50:28Z">
    <groups>
    </groups>
    <test name="Login And Logout" duration-ms="14916" started-at="2022-11-28T14:50:13Z" finished-at="2022-11-28T14:50:28Z">
      <class name="TestCases.Task6C1">
        <test-method status="PASS" signature="beforeMethod()[pri:0, instance:TestCases.Task6C1@464bee09]" name="beforeMethod" is-config="true" duration-ms="10" started-at="2022-11-28T19:50:13Z" finished-at="2022-11-28T19:50:13Z">
          <reporter-output>
          </reporter-output>
        </test-method> <!-- beforeMethod -->
        <test-method status="PASS" signature="beforeTestMethod()[pri:0, instance:TestCases.Task6C1@464bee09]" name="beforeTestMethod" is-config="true" duration-ms="294" started-at="2022-11-28T19:50:13Z" finished-at="2022-11-28T19:50:13Z">
          <reporter-output>
          </reporter-output>
        </test-method> <!-- beforeTestMethod -->
        <test-method status="PASS" signature="beforeMethod(java.lang.reflect.Method)[pri:0, instance:TestCases.Task6C1@464bee09]" name="beforeMethod" is-config="true" duration-ms="9827" started-at="2022-11-28T19:50:13Z" finished-at="2022-11-28T19:50:23Z">
          <params>
            <param index="0">
              <value>
                <![CDATA[public static void TestCases.Task6C1.designingResource()]]>
              </value>
            </param>
          </params>
          <reporter-output>
          </reporter-output>
        </test-method> <!-- beforeMethod -->
        <test-method status="PASS" signature="designingResource()[pri:0, instance:TestCases.Task6C1@464bee09]" name="designingResource" duration-ms="1334" started-at="2022-11-28T19:50:23Z" description="designing" finished-at="2022-11-28T19:50:24Z">
          <reporter-output>
          </reporter-output>
        </test-method> <!-- designingResource -->
        <test-method status="PASS" signature="afterMethod(org.testng.ITestResult)[pri:0, instance:TestCases.Task6C1@464bee09]" name="afterMethod" is-config="true" duration-ms="19" started-at="2022-11-28T19:50:24Z" finished-at="2022-11-28T19:50:24Z">
          <params>
            <param index="0">
              <value>
                <![CDATA[[TestResult name=designingResource status=SUCCESS method=Task6C1.designingResource()[pri:0, instance:TestCases.Task6C1@464bee09] output={null}]]]>
              </value>
            </param>
          </params>
          <reporter-output>
          </reporter-output>
        </test-method> <!-- afterMethod -->
        <test-method status="PASS" signature="beforeMethod(java.lang.reflect.Method)[pri:0, instance:TestCases.Task6C1@464bee09]" name="beforeMethod" is-config="true" duration-ms="410" started-at="2022-11-28T19:50:24Z" finished-at="2022-11-28T19:50:25Z">
          <params>
            <param index="0">
              <value>
                <![CDATA[public static void TestCases.Task6C1.programmingResource()]]>
              </value>
            </param>
          </params>
          <reporter-output>
          </reporter-output>
        </test-method> <!-- beforeMethod -->
        <test-method status="PASS" signature="programmingResource()[pri:0, instance:TestCases.Task6C1@464bee09]" name="programmingResource" duration-ms="1824" started-at="2022-11-28T19:50:25Z" description="designing" finished-at="2022-11-28T19:50:27Z">
          <reporter-output>
          </reporter-output>
        </test-method> <!-- programmingResource -->
        <test-method status="PASS" signature="afterMethod(org.testng.ITestResult)[pri:0, instance:TestCases.Task6C1@464bee09]" name="afterMethod" is-config="true" duration-ms="2" started-at="2022-11-28T19:50:27Z" finished-at="2022-11-28T19:50:27Z">
          <params>
            <param index="0">
              <value>
                <![CDATA[[TestResult name=programmingResource status=SUCCESS method=Task6C1.programmingResource()[pri:0, instance:TestCases.Task6C1@464bee09] output={null}]]]>
              </value>
            </param>
          </params>
          <reporter-output>
          </reporter-output>
        </test-method> <!-- afterMethod -->
        <test-method status="PASS" signature="afterTestmethod()[pri:0, instance:TestCases.Task6C1@464bee09]" name="afterTestmethod" is-config="true" duration-ms="1187" started-at="2022-11-28T19:50:27Z" finished-at="2022-11-28T19:50:28Z">
          <reporter-output>
          </reporter-output>
        </test-method> <!-- afterTestmethod -->
        <test-method status="PASS" signature="afterMethod()[pri:0, instance:TestCases.Task6C1@464bee09]" name="afterMethod" is-config="true" duration-ms="10009" started-at="2022-11-28T19:50:28Z" finished-at="2022-11-28T19:50:38Z">
          <reporter-output>
          </reporter-output>
        </test-method> <!-- afterMethod -->
      </class> <!-- TestCases.Task6C1 -->
    </test> <!-- Login And Logout -->
  </suite> <!-- Phase1 Suite -->
</testng-results>
